<?xml version="1.0" encoding="UTF-8"?>
<!-- Generated by org.testng.reporters.JUnitXMLReporter -->
<testsuite hostname="DESKTOP-CIG5KTI" ignored="0" name="Default test" tests="3" failures="0" timestamp="17 Mar 2020 03:19:56 GMT" time="49.445" errors="0">
  <testcase name="verifyPageTitleTest" time="0.019" classname="com.crm.qa.tests.LoginPageTest"/>
  <testcase name="forgetPasswordLinkDisplayTest" time="0.166" classname="com.crm.qa.tests.LoginPageTest"/>
  <testcase name="LoginToCRMTest" time="3.149" classname="com.crm.qa.tests.LoginPageTest"/>
</testsuite> <!-- Default test -->
