<?xml version="1.0" encoding="UTF-8"?>
<!-- Generated by org.testng.reporters.JUnitXMLReporter -->
<testsuite hostname="DESKTOP-CIG5KTI" name="Command line test" tests="31" failures="0" timestamp="18 Mar 2020 02:44:01 GMT" time="600.804" errors="0">
  <testcase name="verifyContactsPageTest" time="0.065" classname="com.crm.qa.tests.ContactsPageTest"/>
  <testcase name="verifyLoggedInUserNameTest" time="0.902" classname="com.crm.qa.tests.HomePageTest"/>
  <testcase name="verifyPageTitleTest" time="0.004" classname="com.crm.qa.tests.LoginPageTest"/>
  <testcase name="VerifyPageTitleTest" time="0.005" classname="com.crm.qa.tests.MainPageTest"/>
  <testcase name="verifyHideFilterButtonExistsTest" time="0.047" classname="com.crm.qa.tests.ContactsPageTest"/>
  <testcase name="verifyHomeLinkTest" time="0.879" classname="com.crm.qa.tests.HomePageTest"/>
  <testcase name="forgetPasswordLinkDisplayTest" time="0.038" classname="com.crm.qa.tests.LoginPageTest"/>
  <testcase name="VerifyCRMLogoTest" time="0.038" classname="com.crm.qa.tests.MainPageTest"/>
  <testcase name="verifyExportButtonExistsTest" time="0.046" classname="com.crm.qa.tests.ContactsPageTest"/>
  <testcase name="verifyCalendarLinkTest" time="0.947" classname="com.crm.qa.tests.HomePageTest"/>
  <testcase name="LoginToCRMTest" time="2.987" classname="com.crm.qa.tests.LoginPageTest"/>
  <testcase name="ClickOnLoginButtonTest" time="8.238" classname="com.crm.qa.tests.MainPageTest"/>
  <testcase name="verifyNewButtonExistsTest" time="0.043" classname="com.crm.qa.tests.ContactsPageTest"/>
  <testcase name="verifyContactsLinkTest" time="0.603" classname="com.crm.qa.tests.HomePageTest"/>
  <testcase name="getCountOfLinksOnMainPage" time="0.027" classname="com.crm.qa.tests.MainPageTest"/>
  <testcase name="fillCreateNewContactsFormTest" time="8.115" classname="com.crm.qa.tests.ContactsPageTest"/>
  <testcase name="fillCreateNewContactsFormTest" time="2.497" classname="com.crm.qa.tests.ContactsPageTest"/>
  <testcase name="fillCreateNewContactsFormTest" time="2.345" classname="com.crm.qa.tests.ContactsPageTest"/>
  <testcase name="verifyCompaniesLinkTest" time="0.631" classname="com.crm.qa.tests.HomePageTest"/>
  <testcase name="getTextForAllLinksOnMainPage" time="0.607" classname="com.crm.qa.tests.MainPageTest"/>
  <testcase name="deleteContactsTest" time="3.089" classname="com.crm.qa.tests.ContactsPageTest"/>
  <testcase name="deleteContactsTest" time="2.982" classname="com.crm.qa.tests.ContactsPageTest"/>
  <testcase name="deleteContactsTest" time="10.23" classname="com.crm.qa.tests.ContactsPageTest"/>
  <testcase name="verifyDealsLinkTest" time="0.635" classname="com.crm.qa.tests.HomePageTest"/>
  <testcase name="verifyTasksLinkTest" time="0.884" classname="com.crm.qa.tests.HomePageTest"/>
  <testcase name="verifyCasesLinkTest" time="0.67" classname="com.crm.qa.tests.HomePageTest"/>
  <testcase name="verifyCallsLinkTest" time="0.65" classname="com.crm.qa.tests.HomePageTest"/>
  <testcase name="verifydocumentsLinkTest" time="0.665" classname="com.crm.qa.tests.HomePageTest"/>
  <testcase name="verifyEmailLinkTest" time="0.838" classname="com.crm.qa.tests.HomePageTest"/>
  <testcase name="verifyCompaniesLink" time="0.626" classname="com.crm.qa.tests.HomePageTest"/>
  <testcase name="verifyFormsLink" time="0.838" classname="com.crm.qa.tests.HomePageTest"/>
</testsuite> <!-- Command line test -->
