<?xml version="1.0" encoding="UTF-8" ?>
<testsuite tests="31" failures="0" name="TestSuite" time="51.173" errors="0" skipped="0">
  <properties>
[...]
</properties>
  <testcase classname="com.crm.qa.tests.ContactsPageTest" name="verifyContactsPageTest" time="0.066"/>
  <testcase classname="com.crm.qa.tests.HomePageTest" name="verifyLoggedInUserNameTest" time="0.902"/>
  <testcase classname="com.crm.qa.tests.LoginPageTest" name="verifyPageTitleTest" time="0.005"/>
  <testcase classname="com.crm.qa.tests.MainPageTest" name="VerifyPageTitleTest" time="0.005"/>
  <testcase classname="com.crm.qa.tests.ContactsPageTest" name="verifyHideFilterButtonExistsTest" time="0.047"/>
  <testcase classname="com.crm.qa.tests.HomePageTest" name="verifyHomeLinkTest" time="0.878"/>
  <testcase classname="com.crm.qa.tests.LoginPageTest" name="forgetPasswordLinkDisplayTest" time="0.037"/>
  <testcase classname="com.crm.qa.tests.MainPageTest" name="VerifyCRMLogoTest" time="0.038"/>
  <testcase classname="com.crm.qa.tests.ContactsPageTest" name="verifyExportButtonExistsTest" time="0.046"/>
  <testcase classname="com.crm.qa.tests.HomePageTest" name="verifyCalendarLinkTest" time="0.947"/>
  <testcase classname="com.crm.qa.tests.LoginPageTest" name="LoginToCRMTest" time="2.987"/>
  <testcase classname="com.crm.qa.tests.MainPageTest" name="ClickOnLoginButtonTest" time="8.238"/>
  <testcase classname="com.crm.qa.tests.ContactsPageTest" name="verifyNewButtonExistsTest" time="0.044"/>
  <testcase classname="com.crm.qa.tests.HomePageTest" name="verifyContactsLinkTest" time="0.603"/>
  <testcase classname="com.crm.qa.tests.MainPageTest" name="getCountOfLinksOnMainPage" time="0.027"/>
  <testcase classname="com.crm.qa.tests.ContactsPageTest" name="fillCreateNewContactsFormTest" time="8.115"/>
  <testcase classname="com.crm.qa.tests.ContactsPageTest" name="fillCreateNewContactsFormTest" time="2.497"/>
  <testcase classname="com.crm.qa.tests.ContactsPageTest" name="fillCreateNewContactsFormTest" time="2.345"/>
  <testcase classname="com.crm.qa.tests.HomePageTest" name="verifyCompaniesLinkTest" time="0.631"/>
  <testcase classname="com.crm.qa.tests.MainPageTest" name="getTextForAllLinksOnMainPage" time="0.607"/>
  <testcase classname="com.crm.qa.tests.ContactsPageTest" name="deleteContactsTest" time="3.089"/>
  <testcase classname="com.crm.qa.tests.ContactsPageTest" name="deleteContactsTest" time="2.981"/>
  <testcase classname="com.crm.qa.tests.ContactsPageTest" name="deleteContactsTest" time="10.23"/>
  <testcase classname="com.crm.qa.tests.HomePageTest" name="verifyDealsLinkTest" time="0.636"/>
  <testcase classname="com.crm.qa.tests.HomePageTest" name="verifyTasksLinkTest" time="0.883"/>
  <testcase classname="com.crm.qa.tests.HomePageTest" name="verifyCasesLinkTest" time="0.671"/>
  <testcase classname="com.crm.qa.tests.HomePageTest" name="verifyCallsLinkTest" time="0.65"/>
  <testcase classname="com.crm.qa.tests.HomePageTest" name="verifydocumentsLinkTest" time="0.665"/>
  <testcase classname="com.crm.qa.tests.HomePageTest" name="verifyEmailLinkTest" time="0.838"/>
  <testcase classname="com.crm.qa.tests.HomePageTest" name="verifyCompaniesLink" time="0.626"/>
  <testcase classname="com.crm.qa.tests.HomePageTest" name="verifyFormsLink" time="0.839"/>
</testsuite>